\BOOKMARK [0][-]{chapter.1}{\376\377\000M\000a\000i\000n\000\040\000P\000a\000g\000e}{}% 1
\BOOKMARK [0][-]{chapter.2}{\376\377\000H\000i\000e\000r\000a\000r\000c\000h\000i\000c\000a\000l\000\040\000I\000n\000d\000e\000x}{}% 2
\BOOKMARK [1][-]{section.2.1}{\376\377\000C\000l\000a\000s\000s\000\040\000H\000i\000e\000r\000a\000r\000c\000h\000y}{chapter.2}% 3
\BOOKMARK [0][-]{chapter.3}{\376\377\000C\000l\000a\000s\000s\000\040\000I\000n\000d\000e\000x}{}% 4
\BOOKMARK [1][-]{section.3.1}{\376\377\000C\000l\000a\000s\000s\000\040\000L\000i\000s\000t}{chapter.3}% 5
\BOOKMARK [0][-]{chapter.4}{\376\377\000C\000l\000a\000s\000s\000\040\000D\000o\000c\000u\000m\000e\000n\000t\000a\000t\000i\000o\000n}{}% 6
\BOOKMARK [1][-]{section.4.1}{\376\377\000A\000p\000p\000D\000e\000l\000e\000g\000a\000t\000e\000\040\000C\000l\000a\000s\000s\000\040\000R\000e\000f\000e\000r\000e\000n\000c\000e}{chapter.4}% 7
\BOOKMARK [2][-]{subsection.4.1.1}{\376\377\000D\000e\000t\000a\000i\000l\000e\000d\000\040\000D\000e\000s\000c\000r\000i\000p\000t\000i\000o\000n}{section.4.1}% 8
\BOOKMARK [1][-]{section.4.2}{\376\377\000B\000a\000c\000k\000g\000r\000o\000u\000n\000d\000L\000a\000y\000e\000r\000\040\000C\000l\000a\000s\000s\000\040\000R\000e\000f\000e\000r\000e\000n\000c\000e}{chapter.4}% 9
\BOOKMARK [2][-]{subsection.4.2.1}{\376\377\000D\000e\000t\000a\000i\000l\000e\000d\000\040\000D\000e\000s\000c\000r\000i\000p\000t\000i\000o\000n}{section.4.2}% 10
\BOOKMARK [1][-]{section.4.3}{\376\377\000B\000r\000u\000s\000h\000S\000e\000l\000e\000c\000t\000i\000o\000n\000L\000a\000y\000e\000r\000\040\000C\000l\000a\000s\000s\000\040\000R\000e\000f\000e\000r\000e\000n\000c\000e}{chapter.4}% 11
\BOOKMARK [2][-]{subsection.4.3.1}{\376\377\000D\000e\000t\000a\000i\000l\000e\000d\000\040\000D\000e\000s\000c\000r\000i\000p\000t\000i\000o\000n}{section.4.3}% 12
\BOOKMARK [1][-]{section.4.4}{\376\377\000<\000B\000r\000u\000s\000h\000S\000e\000l\000e\000c\000t\000i\000o\000n\000L\000a\000y\000e\000r\000D\000e\000l\000e\000g\000a\000t\000e\000>\000\040\000P\000r\000o\000t\000o\000c\000o\000l\000\040\000R\000e\000f\000e\000r\000e\000n\000c\000e}{chapter.4}% 13
\BOOKMARK [2][-]{subsection.4.4.1}{\376\377\000D\000e\000t\000a\000i\000l\000e\000d\000\040\000D\000e\000s\000c\000r\000i\000p\000t\000i\000o\000n}{section.4.4}% 14
\BOOKMARK [1][-]{section.4.5}{\376\377\000C\000o\000n\000t\000r\000o\000l\000s\000L\000a\000y\000e\000r\000\040\000C\000l\000a\000s\000s\000\040\000R\000e\000f\000e\000r\000e\000n\000c\000e}{chapter.4}% 15
\BOOKMARK [2][-]{subsection.4.5.1}{\376\377\000D\000e\000t\000a\000i\000l\000e\000d\000\040\000D\000e\000s\000c\000r\000i\000p\000t\000i\000o\000n}{section.4.5}% 16
\BOOKMARK [2][-]{subsection.4.5.2}{\376\377\000M\000e\000t\000h\000o\000d\000\040\000D\000o\000c\000u\000m\000e\000n\000t\000a\000t\000i\000o\000n}{section.4.5}% 17
\BOOKMARK [3][-]{subsubsection.4.5.2.1}{\376\377\000c\000o\000l\000l\000a\000p\000s\000e\000P\000a\000n\000e\000l}{subsection.4.5.2}% 18
\BOOKMARK [3][-]{subsubsection.4.5.2.2}{\376\377\000e\000x\000p\000a\000n\000d\000P\000a\000n\000e\000l}{subsection.4.5.2}% 19
\BOOKMARK [3][-]{subsubsection.4.5.2.3}{\376\377\000m\000a\000k\000e\000C\000o\000n\000t\000r\000o\000l\000S\000w\000i\000t\000c\000h}{subsection.4.5.2}% 20
\BOOKMARK [3][-]{subsubsection.4.5.2.4}{\376\377\000o\000p\000a\000c\000i\000t\000y\000S\000l\000i\000d\000e\000r\000C\000h\000a\000n\000g\000e\000d\000:}{subsection.4.5.2}% 21
\BOOKMARK [3][-]{subsubsection.4.5.2.5}{\376\377\000s\000w\000i\000t\000c\000h\000V\000a\000l\000u\000e\000C\000h\000a\000n\000g\000e\000d\000:}{subsection.4.5.2}% 22
\BOOKMARK [3][-]{subsubsection.4.5.2.6}{\376\377\000u\000p\000d\000a\000t\000e\000O\000p\000a\000c\000i\000t\000y\000S\000l\000i\000d\000e\000r\000:}{subsection.4.5.2}% 23
\BOOKMARK [3][-]{subsubsection.4.5.2.7}{\376\377\000v\000a\000l\000u\000e\000C\000h\000a\000n\000g\000e\000d\000:}{subsection.4.5.2}% 24
\BOOKMARK [2][-]{subsection.4.5.3}{\376\377\000M\000e\000m\000b\000e\000r\000\040\000D\000a\000t\000a\000\040\000D\000o\000c\000u\000m\000e\000n\000t\000a\000t\000i\000o\000n}{section.4.5}% 25
\BOOKMARK [3][-]{subsubsection.4.5.3.1}{\376\377\000c\000o\000l\000o\000r\000L\000a\000b\000e\000l}{subsection.4.5.3}% 26
\BOOKMARK [3][-]{subsubsection.4.5.3.2}{\376\377\000g\000a\000m\000e\000S\000e\000t\000t\000i\000n\000g\000s}{subsection.4.5.3}% 27
\BOOKMARK [2][-]{subsection.4.5.4}{\376\377\000P\000r\000o\000p\000e\000r\000t\000y\000\040\000D\000o\000c\000u\000m\000e\000n\000t\000a\000t\000i\000o\000n}{section.4.5}% 28
\BOOKMARK [3][-]{subsubsection.4.5.4.1}{\376\377\000b\000r\000u\000s\000h\000S\000e\000l\000e\000c\000t\000i\000o\000n}{subsection.4.5.4}% 29
\BOOKMARK [3][-]{subsubsection.4.5.4.2}{\376\377\000d\000e\000l\000e\000g\000a\000t\000e}{subsection.4.5.4}% 30
\BOOKMARK [3][-]{subsubsection.4.5.4.3}{\376\377\000d\000i\000s\000p\000l\000a\000y\000V\000a\000l\000u\000e\000L\000a\000b\000e\000l}{subsection.4.5.4}% 31
\BOOKMARK [3][-]{subsubsection.4.5.4.4}{\376\377\000o\000p\000a\000c\000i\000t\000y\000d\000i\000s\000p\000l\000a\000y\000V\000a\000l\000u\000e\000L\000a\000b\000e\000l}{subsection.4.5.4}% 32
\BOOKMARK [3][-]{subsubsection.4.5.4.5}{\376\377\000o\000p\000a\000c\000i\000t\000y\000S\000l\000i\000d\000e\000r}{subsection.4.5.4}% 33
\BOOKMARK [3][-]{subsubsection.4.5.4.6}{\376\377\000o\000p\000a\000c\000i\000t\000y\000S\000w\000i\000t\000c\000h\000C\000o\000n\000t\000r\000o\000l}{subsection.4.5.4}% 34
\BOOKMARK [3][-]{subsubsection.4.5.4.7}{\376\377\000s\000l\000i\000d\000e\000r}{subsection.4.5.4}% 35
\BOOKMARK [3][-]{subsubsection.4.5.4.8}{\376\377\000s\000w\000i\000t\000c\000h\000C\000o\000n\000t\000r\000o\000l}{subsection.4.5.4}% 36
\BOOKMARK [1][-]{section.4.6}{\376\377\000<\000C\000o\000n\000t\000r\000o\000l\000s\000L\000a\000y\000e\000r\000D\000e\000l\000e\000g\000a\000t\000e\000>\000\040\000P\000r\000o\000t\000o\000c\000o\000l\000\040\000R\000e\000f\000e\000r\000e\000n\000c\000e}{chapter.4}% 37
\BOOKMARK [2][-]{subsection.4.6.1}{\376\377\000D\000e\000t\000a\000i\000l\000e\000d\000\040\000D\000e\000s\000c\000r\000i\000p\000t\000i\000o\000n}{section.4.6}% 38
\BOOKMARK [1][-]{section.4.7}{\376\377\000D\000r\000a\000w\000S\000c\000e\000n\000e\000\040\000C\000l\000a\000s\000s\000\040\000R\000e\000f\000e\000r\000e\000n\000c\000e}{chapter.4}% 39
\BOOKMARK [2][-]{subsection.4.7.1}{\376\377\000D\000e\000t\000a\000i\000l\000e\000d\000\040\000D\000e\000s\000c\000r\000i\000p\000t\000i\000o\000n}{section.4.7}% 40
\BOOKMARK [1][-]{section.4.8}{\376\377\000F\000i\000n\000g\000e\000r\000P\000a\000i\000n\000t\000i\000n\000g\000S\000c\000e\000n\000e\000\040\000C\000l\000a\000s\000s\000\040\000R\000e\000f\000e\000r\000e\000n\000c\000e}{chapter.4}% 41
\BOOKMARK [2][-]{subsection.4.8.1}{\376\377\000D\000e\000t\000a\000i\000l\000e\000d\000\040\000D\000e\000s\000c\000r\000i\000p\000t\000i\000o\000n}{section.4.8}% 42
\BOOKMARK [1][-]{section.4.9}{\376\377\000G\000a\000m\000e\000M\000a\000n\000a\000g\000e\000r\000\040\000C\000l\000a\000s\000s\000\040\000R\000e\000f\000e\000r\000e\000n\000c\000e}{chapter.4}% 43
\BOOKMARK [2][-]{subsection.4.9.1}{\376\377\000D\000e\000t\000a\000i\000l\000e\000d\000\040\000D\000e\000s\000c\000r\000i\000p\000t\000i\000o\000n}{section.4.9}% 44
\BOOKMARK [2][-]{subsection.4.9.2}{\376\377\000M\000e\000t\000h\000o\000d\000\040\000D\000o\000c\000u\000m\000e\000n\000t\000a\000t\000i\000o\000n}{section.4.9}% 45
\BOOKMARK [3][-]{subsubsection.4.9.2.1}{\376\377\000o\000p\000a\000c\000i\000t\000y\000P\000e\000r\000c\000e\000n\000t\000a\000g\000e\000:}{subsection.4.9.2}% 46
\BOOKMARK [2][-]{subsection.4.9.3}{\376\377\000M\000e\000m\000b\000e\000r\000\040\000D\000a\000t\000a\000\040\000D\000o\000c\000u\000m\000e\000n\000t\000a\000t\000i\000o\000n}{section.4.9}% 47
\BOOKMARK [3][-]{subsubsection.4.9.3.1}{\376\377\000c\000u\000r\000r\000e\000n\000t\000P\000o\000i\000n\000t}{subsection.4.9.3}% 48
\BOOKMARK [3][-]{subsubsection.4.9.3.2}{\376\377\000c\000u\000r\000r\000e\000n\000t\000P\000o\000i\000n\000t\000a\000b\000l\000e}{subsection.4.9.3}% 49
\BOOKMARK [3][-]{subsubsection.4.9.3.3}{\376\377\000f\000r\000a\000m\000e\000s\000S\000i\000n\000c\000e\000L\000a\000s\000t\000F\000o\000u\000n\000d}{subsection.4.9.3}% 50
\BOOKMARK [3][-]{subsubsection.4.9.3.4}{\376\377\000g\000a\000m\000e\000S\000e\000t\000t\000i\000n\000g\000s}{subsection.4.9.3}% 51
\BOOKMARK [3][-]{subsubsection.4.9.3.5}{\376\377\000i\000n\000p\000u\000t\000M\000o\000d\000e}{subsection.4.9.3}% 52
\BOOKMARK [3][-]{subsubsection.4.9.3.6}{\376\377\000l\000a\000s\000t\000P\000o\000i\000n\000t}{subsection.4.9.3}% 53
\BOOKMARK [3][-]{subsubsection.4.9.3.7}{\376\377\000l\000a\000s\000t\000T\000a\000g}{subsection.4.9.3}% 54
\BOOKMARK [2][-]{subsection.4.9.4}{\376\377\000P\000r\000o\000p\000e\000r\000t\000y\000\040\000D\000o\000c\000u\000m\000e\000n\000t\000a\000t\000i\000o\000n}{section.4.9}% 55
\BOOKMARK [3][-]{subsubsection.4.9.4.1}{\376\377\000b\000a\000c\000k\000g\000r\000o\000u\000n\000d\000L\000a\000y\000e\000r}{subsection.4.9.4}% 56
\BOOKMARK [3][-]{subsubsection.4.9.4.2}{\376\377\000c\000o\000n\000t\000r\000o\000l\000l\000e\000r}{subsection.4.9.4}% 57
\BOOKMARK [3][-]{subsubsection.4.9.4.3}{\376\377\000c\000o\000n\000t\000r\000o\000l\000s\000L\000a\000y\000e\000r}{subsection.4.9.4}% 58
\BOOKMARK [3][-]{subsubsection.4.9.4.4}{\376\377\000h\000u\000d\000L\000a\000y\000e\000r}{subsection.4.9.4}% 59
\BOOKMARK [3][-]{subsubsection.4.9.4.5}{\376\377\000l\000e\000a\000p\000S\000c\000r\000e\000e\000n}{subsection.4.9.4}% 60
\BOOKMARK [3][-]{subsubsection.4.9.4.6}{\376\377\000t\000e\000x\000t\000u\000r\000e\000S\000c\000e\000n\000e}{subsection.4.9.4}% 61
\BOOKMARK [1][-]{section.4.10}{\376\377\000G\000a\000m\000e\000M\000a\000n\000a\000g\000e\000r\000T\000e\000s\000t\000s\000\040\000C\000l\000a\000s\000s\000\040\000R\000e\000f\000e\000r\000e\000n\000c\000e}{chapter.4}% 62
\BOOKMARK [2][-]{subsection.4.10.1}{\376\377\000D\000e\000t\000a\000i\000l\000e\000d\000\040\000D\000e\000s\000c\000r\000i\000p\000t\000i\000o\000n}{section.4.10}% 63
\BOOKMARK [2][-]{subsection.4.10.2}{\376\377\000M\000e\000m\000b\000e\000r\000\040\000D\000a\000t\000a\000\040\000D\000o\000c\000u\000m\000e\000n\000t\000a\000t\000i\000o\000n}{section.4.10}% 64
\BOOKMARK [3][-]{subsubsection.4.10.2.1}{\376\377\000n\000o\000d\000e}{subsection.4.10.2}% 65
\BOOKMARK [1][-]{section.4.11}{\376\377\000G\000a\000m\000e\000S\000c\000e\000n\000e\000\040\000C\000l\000a\000s\000s\000\040\000R\000e\000f\000e\000r\000e\000n\000c\000e}{chapter.4}% 66
\BOOKMARK [2][-]{subsection.4.11.1}{\376\377\000D\000e\000t\000a\000i\000l\000e\000d\000\040\000D\000e\000s\000c\000r\000i\000p\000t\000i\000o\000n}{section.4.11}% 67
\BOOKMARK [1][-]{section.4.12}{\376\377\000G\000a\000m\000e\000S\000c\000e\000n\000e\000T\000e\000s\000t\000s\000\040\000C\000l\000a\000s\000s\000\040\000R\000e\000f\000e\000r\000e\000n\000c\000e}{chapter.4}% 68
\BOOKMARK [2][-]{subsection.4.12.1}{\376\377\000D\000e\000t\000a\000i\000l\000e\000d\000\040\000D\000e\000s\000c\000r\000i\000p\000t\000i\000o\000n}{section.4.12}% 69
\BOOKMARK [1][-]{section.4.13}{\376\377\000G\000a\000m\000e\000S\000e\000t\000t\000i\000n\000g\000s\000\040\000C\000l\000a\000s\000s\000\040\000R\000e\000f\000e\000r\000e\000n\000c\000e}{chapter.4}% 70
\BOOKMARK [2][-]{subsection.4.13.1}{\376\377\000D\000e\000t\000a\000i\000l\000e\000d\000\040\000D\000e\000s\000c\000r\000i\000p\000t\000i\000o\000n}{section.4.13}% 71
\BOOKMARK [2][-]{subsection.4.13.2}{\376\377\000M\000e\000t\000h\000o\000d\000\040\000D\000o\000c\000u\000m\000e\000n\000t\000a\000t\000i\000o\000n}{section.4.13}% 72
\BOOKMARK [3][-]{subsubsection.4.13.2.1}{\376\377\000s\000h\000a\000r\000e\000d\000I\000n\000s\000t\000a\000n\000c\000e}{subsection.4.13.2}% 73
\BOOKMARK [2][-]{subsection.4.13.3}{\376\377\000P\000r\000o\000p\000e\000r\000t\000y\000\040\000D\000o\000c\000u\000m\000e\000n\000t\000a\000t\000i\000o\000n}{section.4.13}% 74
\BOOKMARK [3][-]{subsubsection.4.13.3.1}{\376\377\000d\000e\000p\000t\000h\000O\000p\000a\000c\000i\000t\000y\000M\000o\000d\000e}{subsection.4.13.3}% 75
\BOOKMARK [3][-]{subsubsection.4.13.3.2}{\376\377\000e\000r\000a\000s\000e\000r\000M\000o\000d\000e}{subsection.4.13.3}% 76
\BOOKMARK [3][-]{subsubsection.4.13.3.3}{\376\377\000i\000n\000p\000u\000t\000M\000o\000d\000e}{subsection.4.13.3}% 77
\BOOKMARK [1][-]{section.4.14}{\376\377\000G\000a\000m\000e\000S\000e\000t\000t\000i\000n\000g\000s\000T\000e\000s\000t\000s\000\040\000C\000l\000a\000s\000s\000\040\000R\000e\000f\000e\000r\000e\000n\000c\000e}{chapter.4}% 78
\BOOKMARK [2][-]{subsection.4.14.1}{\376\377\000D\000e\000t\000a\000i\000l\000e\000d\000\040\000D\000e\000s\000c\000r\000i\000p\000t\000i\000o\000n}{section.4.14}% 79
\BOOKMARK [2][-]{subsection.4.14.2}{\376\377\000M\000e\000m\000b\000e\000r\000\040\000D\000a\000t\000a\000\040\000D\000o\000c\000u\000m\000e\000n\000t\000a\000t\000i\000o\000n}{section.4.14}% 80
\BOOKMARK [3][-]{subsubsection.4.14.2.1}{\376\377\000g\000a\000m\000e\000S\000e\000t\000t\000i\000n\000g\000s}{subsection.4.14.2}% 81
\BOOKMARK [1][-]{section.4.15}{\376\377\000G\000L\000E\000S\000D\000e\000b\000u\000g\000D\000r\000a\000w\000\040\000C\000l\000a\000s\000s\000\040\000R\000e\000f\000e\000r\000e\000n\000c\000e}{chapter.4}% 82
\BOOKMARK [2][-]{subsection.4.15.1}{\376\377\000D\000e\000t\000a\000i\000l\000e\000d\000\040\000D\000e\000s\000c\000r\000i\000p\000t\000i\000o\000n}{section.4.15}% 83
\BOOKMARK [1][-]{section.4.16}{\376\377\000<\000H\000U\000D\000D\000e\000l\000e\000g\000a\000t\000e\000>\000\040\000P\000r\000o\000t\000o\000c\000o\000l\000\040\000R\000e\000f\000e\000r\000e\000n\000c\000e}{chapter.4}% 84
\BOOKMARK [2][-]{subsection.4.16.1}{\376\377\000D\000e\000t\000a\000i\000l\000e\000d\000\040\000D\000e\000s\000c\000r\000i\000p\000t\000i\000o\000n}{section.4.16}% 85
\BOOKMARK [1][-]{section.4.17}{\376\377\000H\000U\000D\000L\000a\000y\000e\000r\000\040\000C\000l\000a\000s\000s\000\040\000R\000e\000f\000e\000r\000e\000n\000c\000e}{chapter.4}% 86
\BOOKMARK [2][-]{subsection.4.17.1}{\376\377\000D\000e\000t\000a\000i\000l\000e\000d\000\040\000D\000e\000s\000c\000r\000i\000p\000t\000i\000o\000n}{section.4.17}% 87
\BOOKMARK [2][-]{subsection.4.17.2}{\376\377\000M\000e\000m\000b\000e\000r\000\040\000D\000a\000t\000a\000\040\000D\000o\000c\000u\000m\000e\000n\000t\000a\000t\000i\000o\000n}{section.4.17}% 88
\BOOKMARK [3][-]{subsubsection.4.17.2.1}{\376\377\000e\000r\000a\000s\000e\000M\000o\000d\000e}{subsection.4.17.2}% 89
\BOOKMARK [3][-]{subsubsection.4.17.2.2}{\376\377\000g\000a\000m\000e\000S\000e\000t\000t\000i\000n\000g\000s}{subsection.4.17.2}% 90
\BOOKMARK [3][-]{subsubsection.4.17.2.3}{\376\377\000i\000n\000p\000u\000t\000M\000o\000d\000e}{subsection.4.17.2}% 91
\BOOKMARK [3][-]{subsubsection.4.17.2.4}{\376\377\000l\000a\000s\000t\000B\000r\000u\000s\000h}{subsection.4.17.2}% 92
\BOOKMARK [3][-]{subsubsection.4.17.2.5}{\376\377\000l\000a\000s\000t\000C\000o\000l\000o\000r}{subsection.4.17.2}% 93
\BOOKMARK [3][-]{subsubsection.4.17.2.6}{\376\377\000l\000a\000s\000t\000S\000c\000a\000l\000e}{subsection.4.17.2}% 94
\BOOKMARK [3][-]{subsubsection.4.17.2.7}{\376\377\000p\000a\000i\000n\000t\000i\000n\000g\000I\000n\000d\000i\000c\000a\000t\000o\000r}{subsection.4.17.2}% 95
\BOOKMARK [3][-]{subsubsection.4.17.2.8}{\376\377\000p\000r\000e\000v\000i\000o\000u\000s\000C\000o\000l\000o\000r}{subsection.4.17.2}% 96
\BOOKMARK [3][-]{subsubsection.4.17.2.9}{\376\377\000p\000r\000i\000m\000a\000r\000y\000T\000o\000o\000l}{subsection.4.17.2}% 97
\BOOKMARK [3][-]{subsubsection.4.17.2.10}{\376\377\000p\000r\000i\000m\000a\000r\000y\000T\000o\000o\000l\000I\000D}{subsection.4.17.2}% 98
\BOOKMARK [2][-]{subsection.4.17.3}{\376\377\000P\000r\000o\000p\000e\000r\000t\000y\000\040\000D\000o\000c\000u\000m\000e\000n\000t\000a\000t\000i\000o\000n}{section.4.17}% 99
\BOOKMARK [3][-]{subsubsection.4.17.3.1}{\376\377\000d\000e\000l\000e\000g\000a\000t\000e}{subsection.4.17.3}% 100
\BOOKMARK [1][-]{section.4.18}{\376\377\000L\000e\000a\000p\000P\000a\000i\000n\000t\000T\000e\000s\000t\000s\000\040\000C\000l\000a\000s\000s\000\040\000R\000e\000f\000e\000r\000e\000n\000c\000e}{chapter.4}% 101
\BOOKMARK [2][-]{subsection.4.18.1}{\376\377\000D\000e\000t\000a\000i\000l\000e\000d\000\040\000D\000e\000s\000c\000r\000i\000p\000t\000i\000o\000n}{section.4.18}% 102
\BOOKMARK [1][-]{section.4.19}{\376\377\000L\000e\000a\000p\000P\000u\000z\000z\000T\000e\000s\000t\000s\000\040\000C\000l\000a\000s\000s\000\040\000R\000e\000f\000e\000r\000e\000n\000c\000e}{chapter.4}% 103
\BOOKMARK [2][-]{subsection.4.19.1}{\376\377\000D\000e\000t\000a\000i\000l\000e\000d\000\040\000D\000e\000s\000c\000r\000i\000p\000t\000i\000o\000n}{section.4.19}% 104
\BOOKMARK [1][-]{section.4.20}{\376\377\000L\000P\000C\000C\000C\000o\000n\000t\000r\000o\000l\000B\000u\000t\000t\000o\000n\000V\000a\000r\000i\000a\000b\000l\000e\000S\000i\000z\000e\000\040\000C\000l\000a\000s\000s\000\040\000R\000e\000f\000e\000r\000e\000n\000c\000e}{chapter.4}% 105
\BOOKMARK [2][-]{subsection.4.20.1}{\376\377\000D\000e\000t\000a\000i\000l\000e\000d\000\040\000D\000e\000s\000c\000r\000i\000p\000t\000i\000o\000n}{section.4.20}% 106
\BOOKMARK [2][-]{subsection.4.20.2}{\376\377\000M\000e\000t\000h\000o\000d\000\040\000D\000o\000c\000u\000m\000e\000n\000t\000a\000t\000i\000o\000n}{section.4.20}% 107
\BOOKMARK [3][-]{subsubsection.4.20.2.1}{\376\377\000s\000t\000a\000n\000d\000a\000r\000d\000B\000u\000t\000t\000o\000n\000W\000i\000t\000h\000T\000i\000t\000l\000e\000:}{subsection.4.20.2}% 108
\BOOKMARK [1][-]{section.4.21}{\376\377\000L\000P\000L\000i\000n\000e\000\040\000C\000l\000a\000s\000s\000\040\000R\000e\000f\000e\000r\000e\000n\000c\000e}{chapter.4}% 109
\BOOKMARK [2][-]{subsection.4.21.1}{\376\377\000D\000e\000t\000a\000i\000l\000e\000d\000\040\000D\000e\000s\000c\000r\000i\000p\000t\000i\000o\000n}{section.4.21}% 110
\BOOKMARK [1][-]{section.4.22}{\376\377\000L\000P\000T\000o\000o\000l\000\040\000C\000l\000a\000s\000s\000\040\000R\000e\000f\000e\000r\000e\000n\000c\000e}{chapter.4}% 111
\BOOKMARK [2][-]{subsection.4.22.1}{\376\377\000D\000e\000t\000a\000i\000l\000e\000d\000\040\000D\000e\000s\000c\000r\000i\000p\000t\000i\000o\000n}{section.4.22}% 112
\BOOKMARK [2][-]{subsection.4.22.2}{\376\377\000P\000r\000o\000p\000e\000r\000t\000y\000\040\000D\000o\000c\000u\000m\000e\000n\000t\000a\000t\000i\000o\000n}{section.4.22}% 113
\BOOKMARK [3][-]{subsubsection.4.22.2.1}{\376\377\000t\000o\000o\000l\000I\000D}{subsection.4.22.2}% 114
\BOOKMARK [3][-]{subsubsection.4.22.2.2}{\376\377\000u\000p\000d\000a\000t\000e\000d}{subsection.4.22.2}% 115
\BOOKMARK [1][-]{section.4.23}{\376\377\000L\000P\000T\000o\000o\000l\000T\000e\000s\000t\000s\000\040\000C\000l\000a\000s\000s\000\040\000R\000e\000f\000e\000r\000e\000n\000c\000e}{chapter.4}% 116
\BOOKMARK [2][-]{subsection.4.23.1}{\376\377\000D\000e\000t\000a\000i\000l\000e\000d\000\040\000D\000e\000s\000c\000r\000i\000p\000t\000i\000o\000n}{section.4.23}% 117
\BOOKMARK [2][-]{subsection.4.23.2}{\376\377\000M\000e\000m\000b\000e\000r\000\040\000D\000a\000t\000a\000\040\000D\000o\000c\000u\000m\000e\000n\000t\000a\000t\000i\000o\000n}{section.4.23}% 118
\BOOKMARK [3][-]{subsubsection.4.23.2.1}{\376\377\000t\000e\000s\000t\000N\000a\000m\000e}{subsection.4.23.2}% 119
\BOOKMARK [1][-]{section.4.24}{\376\377\000S\000i\000m\000p\000l\000e\000P\000o\000i\000n\000t\000\040\000C\000l\000a\000s\000s\000\040\000R\000e\000f\000e\000r\000e\000n\000c\000e}{chapter.4}% 120
\BOOKMARK [2][-]{subsection.4.24.1}{\376\377\000D\000e\000t\000a\000i\000l\000e\000d\000\040\000D\000e\000s\000c\000r\000i\000p\000t\000i\000o\000n}{section.4.24}% 121
\BOOKMARK [2][-]{subsection.4.24.2}{\376\377\000M\000e\000t\000h\000o\000d\000\040\000D\000o\000c\000u\000m\000e\000n\000t\000a\000t\000i\000o\000n}{section.4.24}% 122
\BOOKMARK [3][-]{subsubsection.4.24.2.1}{\376\377\000i\000n\000i\000t\000W\000i\000t\000h\000P\000o\000s\000i\000t\000i\000o\000n\000:}{subsection.4.24.2}% 123
\BOOKMARK [3][-]{subsubsection.4.24.2.2}{\376\377\000i\000n\000i\000t\000W\000i\000t\000h\000P\000o\000s\000i\000t\000i\000o\000n\000:\000w\000i\000t\000h\000Z\000:}{subsection.4.24.2}% 124
\BOOKMARK [3][-]{subsubsection.4.24.2.3}{\376\377\000i\000n\000i\000t\000W\000i\000t\000h\000X\000:\000w\000i\000t\000h\000Y\000:}{subsection.4.24.2}% 125
\BOOKMARK [3][-]{subsubsection.4.24.2.4}{\376\377\000i\000n\000i\000t\000W\000i\000t\000h\000X\000:\000w\000i\000t\000h\000Y\000:\000w\000i\000t\000h\000Z\000:}{subsection.4.24.2}% 126
\BOOKMARK [3][-]{subsubsection.4.24.2.5}{\376\377\000p\000o\000i\000n\000t}{subsection.4.24.2}% 127
\BOOKMARK [2][-]{subsection.4.24.3}{\376\377\000P\000r\000o\000p\000e\000r\000t\000y\000\040\000D\000o\000c\000u\000m\000e\000n\000t\000a\000t\000i\000o\000n}{section.4.24}% 128
\BOOKMARK [3][-]{subsubsection.4.24.3.1}{\376\377\000i\000s\0003\000d}{subsection.4.24.3}% 129
\BOOKMARK [3][-]{subsubsection.4.24.3.2}{\376\377\000x}{subsection.4.24.3}% 130
\BOOKMARK [3][-]{subsubsection.4.24.3.3}{\376\377\000y}{subsection.4.24.3}% 131
\BOOKMARK [3][-]{subsubsection.4.24.3.4}{\376\377\000z}{subsection.4.24.3}% 132
\BOOKMARK [1][-]{section.4.25}{\376\377\000S\000i\000m\000p\000l\000e\000P\000o\000i\000n\000t\000O\000b\000j\000e\000c\000t\000\040\000C\000l\000a\000s\000s\000\040\000R\000e\000f\000e\000r\000e\000n\000c\000e}{chapter.4}% 133
\BOOKMARK [2][-]{subsection.4.25.1}{\376\377\000D\000e\000t\000a\000i\000l\000e\000d\000\040\000D\000e\000s\000c\000r\000i\000p\000t\000i\000o\000n}{section.4.25}% 134
\BOOKMARK [2][-]{subsection.4.25.2}{\376\377\000P\000r\000o\000p\000e\000r\000t\000y\000\040\000D\000o\000c\000u\000m\000e\000n\000t\000a\000t\000i\000o\000n}{section.4.25}% 135
\BOOKMARK [3][-]{subsubsection.4.25.2.1}{\376\377\000p\000o\000i\000n\000t}{subsection.4.25.2}% 136
\BOOKMARK [1][-]{section.4.26}{\376\377\000S\000i\000m\000p\000l\000e\000P\000o\000i\000n\000t\000T\000e\000s\000t\000s\000\040\000C\000l\000a\000s\000s\000\040\000R\000e\000f\000e\000r\000e\000n\000c\000e}{chapter.4}% 137
\BOOKMARK [2][-]{subsection.4.26.1}{\376\377\000D\000e\000t\000a\000i\000l\000e\000d\000\040\000D\000e\000s\000c\000r\000i\000p\000t\000i\000o\000n}{section.4.26}% 138
\BOOKMARK [2][-]{subsection.4.26.2}{\376\377\000M\000e\000m\000b\000e\000r\000\040\000D\000a\000t\000a\000\040\000D\000o\000c\000u\000m\000e\000n\000t\000a\000t\000i\000o\000n}{section.4.26}% 139
\BOOKMARK [3][-]{subsubsection.4.26.2.1}{\376\377\000t\000e\000s\000t\000N\000a\000m\000e}{subsection.4.26.2}% 140
\BOOKMARK [3][-]{subsubsection.4.26.2.2}{\376\377\000t\000h\000r\000e\000e\000V\000a\000l\000u\000e\000P\000o\000i\000n\000t}{subsection.4.26.2}% 141
\BOOKMARK [3][-]{subsubsection.4.26.2.3}{\376\377\000t\000w\000o\000V\000a\000l\000u\000e\000P\000o\000i\000n\000t}{subsection.4.26.2}% 142
\BOOKMARK [1][-]{section.4.27}{\376\377\000S\000k\000e\000t\000c\000h\000R\000e\000n\000d\000e\000r\000T\000e\000x\000t\000u\000r\000e\000S\000c\000e\000n\000e\000\040\000C\000l\000a\000s\000s\000\040\000R\000e\000f\000e\000r\000e\000n\000c\000e}{chapter.4}% 143
\BOOKMARK [2][-]{subsection.4.27.1}{\376\377\000D\000e\000t\000a\000i\000l\000e\000d\000\040\000D\000e\000s\000c\000r\000i\000p\000t\000i\000o\000n}{section.4.27}% 144
\BOOKMARK [1][-]{section.4.28}{\376\377\000U\000t\000i\000l\000i\000t\000y\000\040\000C\000l\000a\000s\000s\000\040\000R\000e\000f\000e\000r\000e\000n\000c\000e}{chapter.4}% 145
\BOOKMARK [2][-]{subsection.4.28.1}{\376\377\000D\000e\000t\000a\000i\000l\000e\000d\000\040\000D\000e\000s\000c\000r\000i\000p\000t\000i\000o\000n}{section.4.28}% 146
\BOOKMARK [2][-]{subsection.4.28.2}{\376\377\000M\000e\000t\000h\000o\000d\000\040\000D\000o\000c\000u\000m\000e\000n\000t\000a\000t\000i\000o\000n}{section.4.28}% 147
\BOOKMARK [3][-]{subsubsection.4.28.2.1}{\376\377\000g\000e\000t\000R\000a\000n\000d\000o\000m\000N\000u\000m\000b\000e\000r\000B\000e\000t\000w\000e\000e\000n\000:\000t\000o\000:}{subsection.4.28.2}% 148
\BOOKMARK [3][-]{subsubsection.4.28.2.2}{\376\377\000g\000e\000t\000R\000a\000n\000d\000o\000m\000N\000u\000m\000b\000e\000r\000U\000n\000d\000e\000r\000:}{subsection.4.28.2}% 149
\BOOKMARK [3][-]{subsubsection.4.28.2.3}{\376\377\000g\000e\000t\000R\000a\000n\000d\000o\000m\000U\000n\000i\000f\000o\000r\000m\000N\000u\000m\000b\000e\000r\000U\000n\000d\000e\000r\000:}{subsection.4.28.2}% 150
\BOOKMARK [1][-]{section.4.29}{\376\377\000U\000t\000i\000l\000i\000t\000y\000T\000e\000s\000t\000s\000\040\000C\000l\000a\000s\000s\000\040\000R\000e\000f\000e\000r\000e\000n\000c\000e}{chapter.4}% 151
\BOOKMARK [2][-]{subsection.4.29.1}{\376\377\000D\000e\000t\000a\000i\000l\000e\000d\000\040\000D\000e\000s\000c\000r\000i\000p\000t\000i\000o\000n}{section.4.29}% 152
\BOOKMARK [2][-]{subsection.4.29.2}{\376\377\000M\000e\000m\000b\000e\000r\000\040\000D\000a\000t\000a\000\040\000D\000o\000c\000u\000m\000e\000n\000t\000a\000t\000i\000o\000n}{section.4.29}% 153
\BOOKMARK [3][-]{subsubsection.4.29.2.1}{\376\377\000t\000e\000s\000t\000N\000a\000m\000e}{subsection.4.29.2}% 154
\BOOKMARK [-1][-]{subsubsection.4.29.2.1}{\376\377\000I\000n\000d\000e\000x}{}% 155
