\BOOKMARK [0][-]{dummy.1}{\376\377\000A\000b\000s\000t\000r\000a\000c\000t}{}% 1
\BOOKMARK [0][-]{dummy.2}{\376\377\000A\000c\000k\000n\000o\000w\000l\000e\000d\000g\000e\000m\000e\000n\000t\000s}{}% 2
\BOOKMARK [0][-]{dummy.4}{\376\377\000L\000i\000s\000t\000\040\000o\000f\000\040\000F\000i\000g\000u\000r\000e\000s}{}% 3
\BOOKMARK [0][-]{dummy.6}{\376\377\000L\000i\000s\000t\000\040\000o\000f\000\040\000T\000a\000b\000l\000e\000s}{}% 4
\BOOKMARK [0][-]{dummy.8}{\376\377\000A\000b\000b\000r\000e\000v\000i\000a\000t\000i\000o\000n\000s}{}% 5
\BOOKMARK [0][-]{chapter.11}{\376\377\0001\000\040\000O\000v\000e\000r\000v\000i\000e\000w}{}% 6
\BOOKMARK [1][-]{section.12}{\376\377\0001\000.\0001\000\040\000I\000n\000t\000r\000o\000d\000u\000c\000t\000i\000o\000n}{chapter.11}% 7
\BOOKMARK [1][-]{section.14}{\376\377\0001\000.\0002\000\040\000L\000e\000a\000p\000M\000o\000t\000i\000o\000n}{chapter.11}% 8
\BOOKMARK [1][-]{section.17}{\376\377\0001\000.\0003\000\040\000U\000s\000e\000\040\000C\000a\000s\000e\000\040\000E\000x\000c\000e\000p\000t\000i\000o\000n\000s}{chapter.11}% 9
\BOOKMARK [0][-]{chapter.18}{\376\377\0002\000\040\000D\000e\000v\000e\000l\000o\000p\000m\000e\000n\000t\000\040\000M\000e\000t\000h\000o\000d\000o\000l\000o\000g\000y}{}% 10
\BOOKMARK [1][-]{section.19}{\376\377\0002\000.\0001\000\040\000K\000i\000d\000s\000T\000e\000a\000m}{chapter.18}% 11
\BOOKMARK [1][-]{section.20}{\376\377\0002\000.\0002\000\040\000C\000o\000l\000l\000a\000b\000o\000r\000a\000t\000i\000o\000n\000\040\000T\000e\000c\000h\000n\000i\000q\000u\000e\000s}{chapter.18}% 12
\BOOKMARK [2][-]{subsection.21}{\376\377\0002\000.\0002\000.\0001\000\040\000S\000t\000i\000c\000k\000y\000\040\000N\000o\000t\000e\000s}{section.20}% 13
\BOOKMARK [2][-]{subsection.25}{\376\377\0002\000.\0002\000.\0002\000\040\000B\000a\000g\000s\000\040\000o\000f\000\040\000S\000t\000u\000f\000f}{section.20}% 14
\BOOKMARK [2][-]{subsection.26}{\376\377\0002\000.\0002\000.\0003\000\040\000S\000t\000o\000r\000y\000b\000o\000a\000r\000d\000i\000n\000g}{section.20}% 15
\BOOKMARK [1][-]{section.27}{\376\377\0002\000.\0003\000\040\000D\000e\000v\000e\000l\000o\000p\000m\000e\000n\000t\000\040\000M\000o\000d\000e\000l}{chapter.18}% 16
\BOOKMARK [0][-]{chapter.31}{\376\377\0003\000\040\000D\000e\000s\000i\000g\000n\000\040\000a\000n\000d\000\040\000D\000e\000v\000e\000l\000o\000p\000m\000e\000n\000t}{}% 17
\BOOKMARK [1][-]{section.32}{\376\377\0003\000.\0001\000\040\000S\000e\000s\000s\000i\000o\000n\000\040\0001\000:\000\040\000I\000n\000t\000r\000o\000d\000u\000c\000t\000i\000o\000n\000\040\000a\000n\000d\000\040\000B\000r\000a\000i\000n\000s\000t\000o\000r\000m}{chapter.31}% 18
\BOOKMARK [1][-]{section.35}{\376\377\0003\000.\0002\000\040\000S\000e\000s\000s\000i\000o\000n\000\040\0002\000:\000\040\000T\000e\000s\000t\000i\000n\000g\000\040\000B\000r\000e\000a\000k\000o\000u\000t\000\040\000a\000n\000d\000\040\000D\000e\000s\000i\000g\000n\000i\000n\000g\000\040\000a\000\040\000P\000a\000i\000n\000t\000\040\000A\000p\000p\000l\000i\000c\000a\000t\000i\000o\000n}{chapter.31}% 19
\BOOKMARK [1][-]{section.37}{\376\377\0003\000.\0003\000\040\000G\000e\000s\000t\000u\000r\000e\000\040\000D\000e\000s\000i\000g\000n\000\040\000C\000h\000a\000l\000l\000e\000n\000g\000e\000s}{chapter.31}% 20
\BOOKMARK [2][-]{subsection.42}{\376\377\0003\000.\0003\000.\0001\000\040\000I\000m\000p\000l\000e\000m\000e\000n\000t\000a\000t\000i\000o\000n\000\040\000C\000h\000a\000l\000l\000e\000n\000g\000e\000s}{section.37}% 21
\BOOKMARK [2][-]{subsection.45}{\376\377\0003\000.\0003\000.\0002\000\040\000U\000n\000i\000t\000y\000\040\000T\000e\000s\000t\000i\000n\000g}{section.37}% 22
\BOOKMARK [1][-]{section.46}{\376\377\0003\000.\0004\000\040\000S\000e\000s\000s\000i\000o\000n\000\040\0003\000:\000\040\000I\000n\000t\000e\000r\000f\000a\000c\000e\000\040\000C\000o\000n\000t\000r\000o\000l\000s}{chapter.31}% 23
\BOOKMARK [1][-]{section.50}{\376\377\0003\000.\0005\000\040\000S\000e\000s\000s\000i\000o\000n\000\040\0004\000:\000\040\000T\000e\000s\000t\000i\000n\000g\000\040\000a\000\040\000d\000r\000a\000w\000i\000n\000g\000\040\000a\000p\000p\000l\000i\000c\000a\000t\000i\000o\000n}{chapter.31}% 24
\BOOKMARK [1][-]{section.51}{\376\377\0003\000.\0006\000\040\000S\000e\000s\000s\000i\000o\000n\000\040\0005\000:\000\040\000D\000e\000s\000i\000g\000n\000i\000n\000g\000\040\000G\000e\000s\000t\000u\000r\000e\000s\000\040}{chapter.31}% 25
\BOOKMARK [1][-]{section.53}{\376\377\0003\000.\0007\000\040\000S\000e\000s\000s\000i\000o\000n\000\040\0006\000:\000\040\000T\000e\000s\000t\000i\000n\000g}{chapter.31}% 26
\BOOKMARK [1][-]{section.54}{\376\377\0003\000.\0008\000\040\000S\000e\000s\000s\000i\000o\000n\000\040\0007\000:\000\040\000T\000e\000s\000t\000i\000n\000g}{chapter.31}% 27
\BOOKMARK [1][-]{section.55}{\376\377\0003\000.\0009\000\040\000S\000e\000s\000s\000i\000o\000n\000\040\0008\000:\000\040\000T\000e\000s\000t\000i\000n\000g}{chapter.31}% 28
\BOOKMARK [1][-]{section.56}{\376\377\0003\000.\0001\0000\000\040\000S\000e\000s\000s\000i\000o\000n\000\040\0009\000:\000\040\000U\000s\000a\000b\000i\000l\000i\000t\000y\000\040\000C\000o\000m\000p\000a\000r\000i\000s\000o\000n}{chapter.31}% 29
\BOOKMARK [0][-]{chapter.59}{\376\377\0004\000\040\000A\000p\000p\000l\000i\000c\000a\000t\000i\000o\000n\000\040\000A\000r\000c\000h\000i\000t\000e\000c\000t\000u\000r\000e}{}% 30
\BOOKMARK [1][-]{section.60}{\376\377\0004\000.\0001\000\040\000P\000r\000o\000t\000o\000t\000y\000p\000i\000n\000g}{chapter.59}% 31
\BOOKMARK [2][-]{subsection.62}{\376\377\0004\000.\0001\000.\0001\000\040\000H\000e\000l\000l\000o\000W\000o\000r\000l\000d}{section.60}% 32
\BOOKMARK [2][-]{subsection.63}{\376\377\0004\000.\0001\000.\0002\000\040\000B\000r\000e\000a\000k\000O\000u\000t}{section.60}% 33
\BOOKMARK [2][-]{subsection.71}{\376\377\0004\000.\0001\000.\0003\000\040\000U\000n\000i\000t\000y}{section.60}% 34
\BOOKMARK [2][-]{subsection.73}{\376\377\0004\000.\0001\000.\0004\000\040\000Q\000u\000a\000r\000t\000z\000\040\0002\000D}{section.60}% 35
\BOOKMARK [3][-]{subsubsection.74}{\376\377\0004\000.\0001\000.\0004\000.\0001\000\040\000C\000h\000a\000l\000l\000e\000n\000g\000e\000s}{subsection.73}% 36
\BOOKMARK [2][-]{subsection.75}{\376\377\0004\000.\0001\000.\0005\000\040\000L\000e\000a\000p\000P\000a\000i\000n\000t}{section.60}% 37
\BOOKMARK [1][-]{section.77}{\376\377\0004\000.\0002\000\040\000U\000s\000e\000r\000\040\000I\000n\000t\000e\000r\000f\000a\000c\000e\000\040\000L\000a\000y\000o\000u\000t}{chapter.59}% 38
\BOOKMARK [2][-]{subsection.81}{\376\377\0004\000.\0002\000.\0001\000\040\000p\000o\000i\000n\000t\000e\000r\000\040\000T\000r\000a\000c\000k\000i\000n\000g}{section.77}% 39
\BOOKMARK [2][-]{subsection.82}{\376\377\0004\000.\0002\000.\0002\000\040\000A\000p\000p\000l\000i\000c\000a\000t\000i\000o\000n\000\040\000L\000a\000y\000e\000r\000s}{section.77}% 40
\BOOKMARK [1][-]{section.84}{\376\377\0004\000.\0003\000\040\000E\000x\000t\000e\000r\000n\000a\000l\000\040\000L\000i\000b\000r\000a\000r\000i\000e\000s}{chapter.59}% 41
\BOOKMARK [1][-]{section.85}{\376\377\0004\000.\0004\000\040\000T\000e\000s\000t\000i\000n\000g}{chapter.59}% 42
\BOOKMARK [1][-]{section.86}{\376\377\0004\000.\0005\000\040\000D\000o\000c\000u\000m\000e\000n\000t\000a\000t\000i\000o\000n}{chapter.59}% 43
\BOOKMARK [1][-]{section.87}{\376\377\0004\000.\0006\000\040\000E\000x\000p\000e\000r\000i\000m\000e\000n\000t\000a\000l\000\040\000F\000e\000a\000t\000u\000r\000e\000s}{chapter.59}% 44
\BOOKMARK [2][-]{subsection.88}{\376\377\0004\000.\0006\000.\0001\000\040\000D\000r\000a\000w\000i\000n\000g\000\040\000M\000o\000d\000e\000s}{section.87}% 45
\BOOKMARK [2][-]{subsection.89}{\376\377\0004\000.\0006\000.\0002\000\040\000D\000e\000p\000t\000h\000\040\000O\000p\000a\000c\000i\000t\000y}{section.87}% 46
\BOOKMARK [0][-]{chapter.90}{\376\377\0005\000\040\000S\000u\000m\000m\000a\000r\000y}{}% 47
\BOOKMARK [1][-]{section.91}{\376\377\0005\000.\0001\000\040\000G\000e\000n\000e\000r\000a\000l\000\040\000O\000b\000s\000e\000r\000v\000a\000t\000i\000o\000n\000s}{chapter.90}% 48
\BOOKMARK [1][-]{section.92}{\376\377\0005\000.\0002\000\040\000S\000i\000m\000i\000l\000a\000r\000\040\000A\000p\000p\000l\000i\000c\000a\000t\000i\000o\000n\000s}{chapter.90}% 49
\BOOKMARK [2][-]{subsection.93}{\376\377\0005\000.\0002\000.\0001\000\040\000G\000o\000o\000g\000l\000e\000\040\000E\000a\000r\000t\000h}{section.92}% 50
\BOOKMARK [1][-]{section.94}{\376\377\0005\000.\0003\000\040\000C\000o\000n\000c\000l\000u\000s\000i\000o\000n\000s}{chapter.90}% 51
\BOOKMARK [0][-]{appendix.95}{\376\377\000A\000\040\000D\000o\000c\000u\000m\000e\000n\000t\000a\000t\000i\000o\000n}{}% 52
\BOOKMARK [0][-]{appendix.96}{\376\377\000B\000\040\000S\000p\000e\000c\000i\000f\000i\000c\000a\000t\000i\000o\000n}{}% 53
\BOOKMARK [0][-]{dummy.97}{\376\377\000B\000i\000b\000l\000i\000o\000g\000r\000a\000p\000h\000y}{}% 54
